# JRE version: Java(TM) SE Runtime Environment (8.0_221-b11) (build 1.8.0_221-b11)
# Java VM: Java HotSpot(TM) 64-Bit Server VM (25.221-b11 mixed mode windows-amd64 compressed oops)
Heap:
 PSYoungGen      total 538112K, used 332857K [0x00000000d5580000, 0x00000000fdd00000, 0x0000000100000000)
  eden space 493568K, 61% used [0x00000000d5580000,0x00000000e7c9bb00,0x00000000f3780000)
  from space 44544K, 68% used [0x00000000f3780000,0x00000000f5572a40,0x00000000f6300000)
  to   space 45056K, 0% used [0x00000000fb100000,0x00000000fb100000,0x00000000fdd00000)
 ParOldGen       total 298496K, used 58579K [0x0000000080000000, 0x0000000092380000, 0x00000000d5580000)
  object space 298496K, 19% used [0x0000000080000000,0x0000000083934d18,0x0000000092380000)
 Metaspace       used 115137K, capacity 122692K, committed 122880K, reserved 1155072K
  class space    used 15218K, capacity 16617K, committed 16640K, reserved 1048576K
GC Heap History (10 events):
Event: 377.851 GC heap before
{Heap before GC invocations=23 (full 4):
 PSYoungGen      total 396800K, used 376675K [0x00000000d5580000, 0x00000000f1180000, 0x0000000100000000)
  eden space 349696K, 100% used [0x00000000d5580000,0x00000000eab00000,0x00000000eab00000)
  from space 47104K, 57% used [0x00000000ed880000,0x00000000ef2d8eb0,0x00000000f0680000)
  to   space 46592K, 0% used [0x00000000eab00000,0x00000000eab00000,0x00000000ed880000)
 ParOldGen       total 298496K, used 58539K [0x0000000080000000, 0x0000000092380000, 0x00000000d5580000)
  object space 298496K, 19% used [0x0000000080000000,0x000000008392ad18,0x0000000092380000)
 Metaspace       used 107220K, capacity 113172K, committed 113408K, reserved 1146880K
  class space    used 14398K, capacity 15524K, committed 15616K, reserved 1048576K
Event: 377.871 GC heap after
Heap after GC invocations=23 (full 4):
 PSYoungGen      total 396288K, used 25406K [0x00000000d5580000, 0x00000000f4b00000, 0x0000000100000000)
  eden space 349696K, 0% used [0x00000000d5580000,0x00000000d5580000,0x00000000eab00000)
  from space 46592K, 54% used [0x00000000eab00000,0x00000000ec3cfa70,0x00000000ed880000)
  to   space 45056K, 0% used [0x00000000f1f00000,0x00000000f1f00000,0x00000000f4b00000)
 ParOldGen       total 298496K, used 58547K [0x0000000080000000, 0x0000000092380000, 0x00000000d5580000)
  object space 298496K, 19% used [0x0000000080000000,0x000000008392cd18,0x0000000092380000)
 Metaspace       used 107220K, capacity 113172K, committed 113408K, reserved 1146880K
  class space    used 14398K, capacity 15524K, committed 15616K, reserved 1048576K
}
Event: 378.465 GC heap before
{Heap before GC invocations=24 (full 4):
 PSYoungGen      total 396288K, used 375102K [0x00000000d5580000, 0x00000000f4b00000, 0x0000000100000000)
  eden space 349696K, 100% used [0x00000000d5580000,0x00000000eab00000,0x00000000eab00000)
  from space 46592K, 54% used [0x00000000eab00000,0x00000000ec3cfa70,0x00000000ed880000)
  to   space 45056K, 0% used [0x00000000f1f00000,0x00000000f1f00000,0x00000000f4b00000)
 ParOldGen       total 298496K, used 58547K [0x0000000080000000, 0x0000000092380000, 0x00000000d5580000)
  object space 298496K, 19% used [0x0000000080000000,0x000000008392cd18,0x0000000092380000)
 Metaspace       used 107326K, capacity 113318K, committed 113664K, reserved 1146880K
  class space    used 14398K, capacity 15525K, committed 15616K, reserved 1048576K
Event: 378.484 GC heap after
Heap after GC invocations=24 (full 4):
 PSYoungGen      total 469504K, used 24629K [0x00000000d5580000, 0x00000000f4c00000, 0x0000000100000000)
  eden space 424448K, 0% used [0x00000000d5580000,0x00000000d5580000,0x00000000ef400000)
  from space 45056K, 54% used [0x00000000f1f00000,0x00000000f370d6a8,0x00000000f4b00000)
  to   space 44032K, 0% used [0x00000000ef400000,0x00000000ef400000,0x00000000f1f00000)
 ParOldGen       total 298496K, used 58555K [0x0000000080000000, 0x0000000092380000, 0x00000000d5580000)
  object space 298496K, 19% used [0x0000000080000000,0x000000008392ed18,0x0000000092380000)
 Metaspace       used 107326K, capacity 113318K, committed 113664K, reserved 1146880K
  class space    used 14398K, capacity 15525K, committed 15616K, reserved 1048576K
}
Event: 413.980 GC heap before
{Heap before GC invocations=25 (full 4):
 PSYoungGen      total 469504K, used 449077K [0x00000000d5580000, 0x00000000f4c00000, 0x0000000100000000)
  eden space 424448K, 100% used [0x00000000d5580000,0x00000000ef400000,0x00000000ef400000)
  from space 45056K, 54% used [0x00000000f1f00000,0x00000000f370d6a8,0x00000000f4b00000)
  to   space 44032K, 0% used [0x00000000ef400000,0x00000000ef400000,0x00000000f1f00000)
 ParOldGen       total 298496K, used 58555K [0x0000000080000000, 0x0000000092380000, 0x00000000d5580000)
  object space 298496K, 19% used [0x0000000080000000,0x000000008392ed18,0x0000000092380000)
 Metaspace       used 110298K, capacity 116860K, committed 117120K, reserved 1150976K
  class space    used 14719K, capacity 15912K, committed 16000K, reserved 1048576K
Event: 414.004 GC heap after
Heap after GC invocations=25 (full 4):
 PSYoungGen      total 468480K, used 20462K [0x00000000d5580000, 0x00000000f9500000, 0x0000000100000000)
  eden space 424448K, 0% used [0x00000000d5580000,0x00000000d5580000,0x00000000ef400000)
  from space 44032K, 46% used [0x00000000ef400000,0x00000000f07fb898,0x00000000f1f00000)
  to   space 41984K, 0% used [0x00000000f6c00000,0x00000000f6c00000,0x00000000f9500000)
 ParOldGen       total 298496K, used 58563K [0x0000000080000000, 0x0000000092380000, 0x00000000d5580000)
  object space 298496K, 19% used [0x0000000080000000,0x0000000083930d18,0x0000000092380000)
 Metaspace       used 110298K, capacity 116860K, committed 117120K, reserved 1150976K
  class space    used 14719K, capacity 15912K, committed 16000K, reserved 1048576K
}
Event: 6983.344 GC heap before
{Heap before GC invocations=26 (full 4):
 PSYoungGen      total 468480K, used 444910K [0x00000000d5580000, 0x00000000f9500000, 0x0000000100000000)
  eden space 424448K, 100% used [0x00000000d5580000,0x00000000ef400000,0x00000000ef400000)
  from space 44032K, 46% used [0x00000000ef400000,0x00000000f07fb898,0x00000000f1f00000)
  to   space 41984K, 0% used [0x00000000f6c00000,0x00000000f6c00000,0x00000000f9500000)
 ParOldGen       total 298496K, used 58563K [0x0000000080000000, 0x0000000092380000, 0x00000000d5580000)
  object space 298496K, 19% used [0x0000000080000000,0x0000000083930d18,0x0000000092380000)
 Metaspace       used 113898K, capacity 120978K, committed 121216K, reserved 1155072K
  class space    used 15098K, capacity 16426K, committed 16512K, reserved 1048576K
Event: 6983.433 GC heap after
Heap after GC invocations=26 (full 4):
 PSYoungGen      total 528896K, used 33769K [0x00000000d5580000, 0x00000000f8e80000, 0x0000000100000000)
  eden space 493568K, 0% used [0x00000000d5580000,0x00000000d5580000,0x00000000f3780000)
  from space 35328K, 95% used [0x00000000f6c00000,0x00000000f8cfa420,0x00000000f8e80000)
  to   space 44544K, 0% used [0x00000000f3780000,0x00000000f3780000,0x00000000f6300000)
 ParOldGen       total 298496K, used 58571K [0x0000000080000000, 0x0000000092380000, 0x00000000d5580000)
  object space 298496K, 19% used [0x0000000080000000,0x0000000083932d18,0x0000000092380000)
 Metaspace       used 113898K, capacity 120978K, committed 121216K, reserved 1155072K
  class space    used 15098K, capacity 16426K, committed 16512K, reserved 1048576K
}
Event: 6986.468 GC heap before
{Heap before GC invocations=27 (full 4):
 PSYoungGen      total 528896K, used 527337K [0x00000000d5580000, 0x00000000f8e80000, 0x0000000100000000)
  eden space 493568K, 100% used [0x00000000d5580000,0x00000000f3780000,0x00000000f3780000)
  from space 35328K, 95% used [0x00000000f6c00000,0x00000000f8cfa420,0x00000000f8e80000)
  to   space 44544K, 0% used [0x00000000f3780000,0x00000000f3780000,0x00000000f6300000)
 ParOldGen       total 298496K, used 58571K [0x0000000080000000, 0x0000000092380000, 0x00000000d5580000)
  object space 298496K, 19% used [0x0000000080000000,0x0000000083932d18,0x0000000092380000)
 Metaspace       used 114630K, capacity 121886K, committed 121984K, reserved 1155072K
  class space    used 15157K, capacity 16508K, committed 16512K, reserved 1048576K
Event: 6986.510 GC heap after
Heap after GC invocations=27 (full 4):
 PSYoungGen      total 538112K, used 30666K [0x00000000d5580000, 0x00000000fdd00000, 0x0000000100000000)
  eden space 493568K, 0% used [0x00000000d5580000,0x00000000d5580000,0x00000000f3780000)
  from space 44544K, 68% used [0x00000000f3780000,0x00000000f5572a40,0x00000000f6300000)
  to   space 45056K, 0% used [0x00000000fb100000,0x00000000fb100000,0x00000000fdd00000)
 ParOldGen       total 298496K, used 58579K [0x0000000080000000, 0x0000000092380000, 0x00000000d5580000)
  object space 298496K, 19% used [0x0000000080000000,0x0000000083934d18,0x0000000092380000)
 Metaspace       used 114630K, capacity 121886K, committed 121984K, reserved 1155072K
  class space    used 15157K, capacity 16508K, committed 16512K, reserved 1048576K
}

